<?xml version="1.0" encoding="UTF-8"?>
<testsuite xmlns:xsi="http://www.w3.org/2001/XMLSchema-instance" xsi:noNamespaceSchemaLocation="https://maven.apache.org/surefire/maven-surefire-plugin/xsd/surefire-test-report.xsd" name="com.fzt.ktzq.service.KtzqServiceApplicationTests" time="6.537" tests="1" errors="0" skipped="0" failures="0">
  <properties>
    <property name="sun.desktop" value="windows"/>
    <property name="awt.toolkit" value="sun.awt.windows.WToolkit"/>
    <property name="file.encoding.pkg" value="sun.io"/>
    <property name="java.specification.version" value="1.8"/>
    <property name="sun.cpu.isalist" value="amd64"/>
    <property name="sun.jnu.encoding" value="GBK"/>
    <property name="java.class.path" value="D:\开拓足球项目\ktzq_local\ktzq-service\target\test-classes;D:\开拓足球项目\ktzq_local\ktzq-service\target\classes;D:\开拓足球项目\ktzq_local\ktzq-dao\target\ktzq-dao-0.0.1-SNAPSHOT.jar;D:\Maven\LocalHoust\org\projectlombok\lombok\1.18.24\lombok-1.18.24.jar;D:\Maven\LocalHoust\tk\mybatis\mapper-spring-boot-starter\2.1.5\mapper-spring-boot-starter-2.1.5.jar;D:\Maven\LocalHoust\tk\mybatis\mapper-core\1.1.5\mapper-core-1.1.5.jar;D:\Maven\LocalHoust\javax\persistence\persistence-api\1.0\persistence-api-1.0.jar;D:\Maven\LocalHoust\tk\mybatis\mapper-base\1.1.5\mapper-base-1.1.5.jar;D:\Maven\LocalHoust\tk\mybatis\mapper-weekend\1.1.5\mapper-weekend-1.1.5.jar;D:\Maven\LocalHoust\tk\mybatis\mapper-spring\1.1.5\mapper-spring-1.1.5.jar;D:\Maven\LocalHoust\tk\mybatis\mapper-extra\1.1.5\mapper-extra-1.1.5.jar;D:\Maven\LocalHoust\tk\mybatis\mapper-spring-boot-autoconfigure\2.1.5\mapper-spring-boot-autoconfigure-2.1.5.jar;D:\开拓足球项目\ktzq_local\ktzq-mapper\target\ktzq-mapper-0.0.1-SNAPSHOT.jar;D:\开拓足球项目\ktzq_local\ktzq-comm\target\ktzq-comm-0.0.1-SNAPSHOT.jar;D:\Maven\LocalHoust\commons-lang\commons-lang\2.5\commons-lang-2.5.jar;D:\Maven\LocalHoust\org\springframework\boot\spring-boot-starter\2.7.6\spring-boot-starter-2.7.6.jar;D:\Maven\LocalHoust\org\springframework\boot\spring-boot\2.7.6\spring-boot-2.7.6.jar;D:\Maven\LocalHoust\org\springframework\spring-context\5.3.24\spring-context-5.3.24.jar;D:\Maven\LocalHoust\org\springframework\boot\spring-boot-autoconfigure\2.7.6\spring-boot-autoconfigure-2.7.6.jar;D:\Maven\LocalHoust\org\springframework\boot\spring-boot-starter-logging\2.7.6\spring-boot-starter-logging-2.7.6.jar;D:\Maven\LocalHoust\ch\qos\logback\logback-classic\1.2.11\logback-classic-1.2.11.jar;D:\Maven\LocalHoust\ch\qos\logback\logback-core\1.2.11\logback-core-1.2.11.jar;D:\Maven\LocalHoust\org\apache\logging\log4j\log4j-to-slf4j\2.17.2\log4j-to-slf4j-2.17.2.jar;D:\Maven\LocalHoust\org\apache\logging\log4j\log4j-api\2.17.2\log4j-api-2.17.2.jar;D:\Maven\LocalHoust\org\slf4j\jul-to-slf4j\1.7.36\jul-to-slf4j-1.7.36.jar;D:\Maven\LocalHoust\jakarta\annotation\jakarta.annotation-api\1.3.5\jakarta.annotation-api-1.3.5.jar;D:\Maven\LocalHoust\org\springframework\spring-core\5.3.24\spring-core-5.3.24.jar;D:\Maven\LocalHoust\org\springframework\spring-jcl\5.3.24\spring-jcl-5.3.24.jar;D:\Maven\LocalHoust\org\yaml\snakeyaml\1.30\snakeyaml-1.30.jar;D:\Maven\LocalHoust\org\springframework\boot\spring-boot-starter-test\2.7.6\spring-boot-starter-test-2.7.6.jar;D:\Maven\LocalHoust\org\springframework\boot\spring-boot-test\2.7.6\spring-boot-test-2.7.6.jar;D:\Maven\LocalHoust\org\springframework\boot\spring-boot-test-autoconfigure\2.7.6\spring-boot-test-autoconfigure-2.7.6.jar;D:\Maven\LocalHoust\com\jayway\jsonpath\json-path\2.7.0\json-path-2.7.0.jar;D:\Maven\LocalHoust\net\minidev\json-smart\2.4.8\json-smart-2.4.8.jar;D:\Maven\LocalHoust\net\minidev\accessors-smart\2.4.8\accessors-smart-2.4.8.jar;D:\Maven\LocalHoust\org\ow2\asm\asm\9.1\asm-9.1.jar;D:\Maven\LocalHoust\jakarta\xml\bind\jakarta.xml.bind-api\2.3.3\jakarta.xml.bind-api-2.3.3.jar;D:\Maven\LocalHoust\jakarta\activation\jakarta.activation-api\1.2.2\jakarta.activation-api-1.2.2.jar;D:\Maven\LocalHoust\org\assertj\assertj-core\3.22.0\assertj-core-3.22.0.jar;D:\Maven\LocalHoust\org\hamcrest\hamcrest\2.2\hamcrest-2.2.jar;D:\Maven\LocalHoust\org\junit\jupiter\junit-jupiter\5.8.2\junit-jupiter-5.8.2.jar;D:\Maven\LocalHoust\org\junit\jupiter\junit-jupiter-api\5.8.2\junit-jupiter-api-5.8.2.jar;D:\Maven\LocalHoust\org\opentest4j\opentest4j\1.2.0\opentest4j-1.2.0.jar;D:\Maven\LocalHoust\org\junit\platform\junit-platform-commons\1.8.2\junit-platform-commons-1.8.2.jar;D:\Maven\LocalHoust\org\apiguardian\apiguardian-api\1.1.2\apiguardian-api-1.1.2.jar;D:\Maven\LocalHoust\org\junit\jupiter\junit-jupiter-params\5.8.2\junit-jupiter-params-5.8.2.jar;D:\Maven\LocalHoust\org\junit\jupiter\junit-jupiter-engine\5.8.2\junit-jupiter-engine-5.8.2.jar;D:\Maven\LocalHoust\org\junit\platform\junit-platform-engine\1.8.2\junit-platform-engine-1.8.2.jar;D:\Maven\LocalHoust\org\mockito\mockito-core\4.5.1\mockito-core-4.5.1.jar;D:\Maven\LocalHoust\net\bytebuddy\byte-buddy\1.12.19\byte-buddy-1.12.19.jar;D:\Maven\LocalHoust\net\bytebuddy\byte-buddy-agent\1.12.19\byte-buddy-agent-1.12.19.jar;D:\Maven\LocalHoust\org\objenesis\objenesis\3.2\objenesis-3.2.jar;D:\Maven\LocalHoust\org\mockito\mockito-junit-jupiter\4.5.1\mockito-junit-jupiter-4.5.1.jar;D:\Maven\LocalHoust\org\skyscreamer\jsonassert\1.5.1\jsonassert-1.5.1.jar;D:\Maven\LocalHoust\com\vaadin\external\google\android-json\0.0.20131108.vaadin1\android-json-0.0.20131108.vaadin1.jar;D:\Maven\LocalHoust\org\springframework\spring-test\5.3.24\spring-test-5.3.24.jar;D:\Maven\LocalHoust\org\xmlunit\xmlunit-core\2.9.0\xmlunit-core-2.9.0.jar;D:\Maven\LocalHoust\org\springframework\boot\spring-boot-starter-web\2.7.6\spring-boot-starter-web-2.7.6.jar;D:\Maven\LocalHoust\org\springframework\boot\spring-boot-starter-json\2.7.6\spring-boot-starter-json-2.7.6.jar;D:\Maven\LocalHoust\com\fasterxml\jackson\datatype\jackson-datatype-jdk8\2.13.4\jackson-datatype-jdk8-2.13.4.jar;D:\Maven\LocalHoust\com\fasterxml\jackson\datatype\jackson-datatype-jsr310\2.13.4\jackson-datatype-jsr310-2.13.4.jar;D:\Maven\LocalHoust\com\fasterxml\jackson\module\jackson-module-parameter-names\2.13.4\jackson-module-parameter-names-2.13.4.jar;D:\Maven\LocalHoust\org\springframework\boot\spring-boot-starter-tomcat\2.7.6\spring-boot-starter-tomcat-2.7.6.jar;D:\Maven\LocalHoust\org\apache\tomcat\embed\tomcat-embed-core\9.0.69\tomcat-embed-core-9.0.69.jar;D:\Maven\LocalHoust\org\apache\tomcat\embed\tomcat-embed-el\9.0.69\tomcat-embed-el-9.0.69.jar;D:\Maven\LocalHoust\org\apache\tomcat\embed\tomcat-embed-websocket\9.0.69\tomcat-embed-websocket-9.0.69.jar;D:\Maven\LocalHoust\org\springframework\spring-web\5.3.24\spring-web-5.3.24.jar;D:\Maven\LocalHoust\org\springframework\spring-beans\5.3.24\spring-beans-5.3.24.jar;D:\Maven\LocalHoust\org\springframework\spring-webmvc\5.3.24\spring-webmvc-5.3.24.jar;D:\Maven\LocalHoust\org\springframework\spring-aop\5.3.24\spring-aop-5.3.24.jar;D:\Maven\LocalHoust\org\springframework\spring-expression\5.3.24\spring-expression-5.3.24.jar;D:\Maven\LocalHoust\org\springframework\boot\spring-boot-devtools\2.7.6\spring-boot-devtools-2.7.6.jar;D:\Maven\LocalHoust\com\alibaba\druid\1.0.9\druid-1.0.9.jar;D:\JDK\jdk\jre\..\lib\jconsole.jar;D:\JDK\jdk\jre\..\lib\tools.jar;D:\Maven\LocalHoust\org\freemarker\freemarker\2.3.30\freemarker-2.3.30.jar;D:\Maven\LocalHoust\org\mybatis\spring\boot\mybatis-spring-boot-starter\2.1.1\mybatis-spring-boot-starter-2.1.1.jar;D:\Maven\LocalHoust\org\mybatis\spring\boot\mybatis-spring-boot-autoconfigure\2.1.1\mybatis-spring-boot-autoconfigure-2.1.1.jar;D:\Maven\LocalHoust\org\mybatis\mybatis\3.5.3\mybatis-3.5.3.jar;D:\Maven\LocalHoust\org\mybatis\mybatis-spring\2.0.3\mybatis-spring-2.0.3.jar;D:\Maven\LocalHoust\com\mysql\mysql-connector-j\8.0.31\mysql-connector-j-8.0.31.jar;D:\Maven\LocalHoust\org\springframework\boot\spring-boot-starter-jdbc\2.7.6\spring-boot-starter-jdbc-2.7.6.jar;D:\Maven\LocalHoust\com\zaxxer\HikariCP\4.0.3\HikariCP-4.0.3.jar;D:\Maven\LocalHoust\org\springframework\spring-jdbc\5.3.24\spring-jdbc-5.3.24.jar;D:\Maven\LocalHoust\org\springframework\spring-tx\5.3.24\spring-tx-5.3.24.jar;D:\Maven\LocalHoust\com\github\pagehelper\pagehelper\5.1.8\pagehelper-5.1.8.jar;D:\Maven\LocalHoust\com\github\jsqlparser\jsqlparser\1.2\jsqlparser-1.2.jar;D:\Maven\LocalHoust\org\apache\commons\commons-lang3\3.12.0\commons-lang3-3.12.0.jar;D:\Maven\LocalHoust\com\alibaba\fastjson\1.2.8\fastjson-1.2.8.jar;D:\Maven\LocalHoust\com\auth0\java-jwt\4.2.1\java-jwt-4.2.1.jar;D:\Maven\LocalHoust\com\fasterxml\jackson\core\jackson-databind\2.13.4.2\jackson-databind-2.13.4.2.jar;D:\Maven\LocalHoust\com\fasterxml\jackson\core\jackson-annotations\2.13.4\jackson-annotations-2.13.4.jar;D:\Maven\LocalHoust\com\fasterxml\jackson\core\jackson-core\2.13.4\jackson-core-2.13.4.jar;D:\Maven\LocalHoust\redis\clients\jedis\3.8.0\jedis-3.8.0.jar;D:\Maven\LocalHoust\org\slf4j\slf4j-api\1.7.36\slf4j-api-1.7.36.jar;D:\Maven\LocalHoust\org\apache\commons\commons-pool2\2.11.1\commons-pool2-2.11.1.jar;D:\Maven\LocalHoust\io\swagger\swagger-annotations\1.5.14\swagger-annotations-1.5.14.jar;D:\Maven\LocalHoust\io\springfox\springfox-swagger2\2.8.0\springfox-swagger2-2.8.0.jar;D:\Maven\LocalHoust\io\swagger\swagger-models\1.5.14\swagger-models-1.5.14.jar;D:\Maven\LocalHoust\io\springfox\springfox-spi\2.8.0\springfox-spi-2.8.0.jar;D:\Maven\LocalHoust\io\springfox\springfox-core\2.8.0\springfox-core-2.8.0.jar;D:\Maven\LocalHoust\io\springfox\springfox-schema\2.8.0\springfox-schema-2.8.0.jar;D:\Maven\LocalHoust\io\springfox\springfox-swagger-common\2.8.0\springfox-swagger-common-2.8.0.jar;D:\Maven\LocalHoust\io\springfox\springfox-spring-web\2.8.0\springfox-spring-web-2.8.0.jar;D:\Maven\LocalHoust\org\reflections\reflections\0.9.11\reflections-0.9.11.jar;D:\Maven\LocalHoust\org\javassist\javassist\3.21.0-GA\javassist-3.21.0-GA.jar;D:\Maven\LocalHoust\com\google\guava\guava\20.0\guava-20.0.jar;D:\Maven\LocalHoust\com\fasterxml\classmate\1.5.1\classmate-1.5.1.jar;D:\Maven\LocalHoust\org\springframework\plugin\spring-plugin-core\1.2.0.RELEASE\spring-plugin-core-1.2.0.RELEASE.jar;D:\Maven\LocalHoust\org\springframework\plugin\spring-plugin-metadata\1.2.0.RELEASE\spring-plugin-metadata-1.2.0.RELEASE.jar;D:\Maven\LocalHoust\org\mapstruct\mapstruct\1.2.0.Final\mapstruct-1.2.0.Final.jar;D:\Maven\LocalHoust\io\springfox\springfox-swagger-ui\2.8.0\springfox-swagger-ui-2.8.0.jar;"/>
    <property name="java.vm.vendor" value="Oracle Corporation"/>
    <property name="sun.arch.data.model" value="64"/>
    <property name="user.variant" value=""/>
    <property name="java.vendor.url" value="http://java.oracle.com/"/>
    <property name="user.timezone" value="Asia/Shanghai"/>
    <property name="java.vm.specification.version" value="1.8"/>
    <property name="os.name" value="Windows 10"/>
    <property name="user.country" value="CN"/>
    <property name="sun.java.launcher" value="SUN_STANDARD"/>
    <property name="sun.boot.library.path" value="D:\JDK\jdk\jre\bin"/>
    <property name="sun.java.command" value="C:\Users\16481\AppData\Local\Temp\surefire559657166441843681\surefirebooter5214635559851918042.jar C:\Users\16481\AppData\Local\Temp\surefire559657166441843681 2022-12-14T21-04-06_331-jvmRun1 surefire7510033882843470077tmp surefire_04659354751017804728tmp"/>
    <property name="surefire.test.class.path" value="D:\开拓足球项目\ktzq_local\ktzq-service\target\test-classes;D:\开拓足球项目\ktzq_local\ktzq-service\target\classes;D:\开拓足球项目\ktzq_local\ktzq-dao\target\ktzq-dao-0.0.1-SNAPSHOT.jar;D:\Maven\LocalHoust\org\projectlombok\lombok\1.18.24\lombok-1.18.24.jar;D:\Maven\LocalHoust\tk\mybatis\mapper-spring-boot-starter\2.1.5\mapper-spring-boot-starter-2.1.5.jar;D:\Maven\LocalHoust\tk\mybatis\mapper-core\1.1.5\mapper-core-1.1.5.jar;D:\Maven\LocalHoust\javax\persistence\persistence-api\1.0\persistence-api-1.0.jar;D:\Maven\LocalHoust\tk\mybatis\mapper-base\1.1.5\mapper-base-1.1.5.jar;D:\Maven\LocalHoust\tk\mybatis\mapper-weekend\1.1.5\mapper-weekend-1.1.5.jar;D:\Maven\LocalHoust\tk\mybatis\mapper-spring\1.1.5\mapper-spring-1.1.5.jar;D:\Maven\LocalHoust\tk\mybatis\mapper-extra\1.1.5\mapper-extra-1.1.5.jar;D:\Maven\LocalHoust\tk\mybatis\mapper-spring-boot-autoconfigure\2.1.5\mapper-spring-boot-autoconfigure-2.1.5.jar;D:\开拓足球项目\ktzq_local\ktzq-mapper\target\ktzq-mapper-0.0.1-SNAPSHOT.jar;D:\开拓足球项目\ktzq_local\ktzq-comm\target\ktzq-comm-0.0.1-SNAPSHOT.jar;D:\Maven\LocalHoust\commons-lang\commons-lang\2.5\commons-lang-2.5.jar;D:\Maven\LocalHoust\org\springframework\boot\spring-boot-starter\2.7.6\spring-boot-starter-2.7.6.jar;D:\Maven\LocalHoust\org\springframework\boot\spring-boot\2.7.6\spring-boot-2.7.6.jar;D:\Maven\LocalHoust\org\springframework\spring-context\5.3.24\spring-context-5.3.24.jar;D:\Maven\LocalHoust\org\springframework\boot\spring-boot-autoconfigure\2.7.6\spring-boot-autoconfigure-2.7.6.jar;D:\Maven\LocalHoust\org\springframework\boot\spring-boot-starter-logging\2.7.6\spring-boot-starter-logging-2.7.6.jar;D:\Maven\LocalHoust\ch\qos\logback\logback-classic\1.2.11\logback-classic-1.2.11.jar;D:\Maven\LocalHoust\ch\qos\logback\logback-core\1.2.11\logback-core-1.2.11.jar;D:\Maven\LocalHoust\org\apache\logging\log4j\log4j-to-slf4j\2.17.2\log4j-to-slf4j-2.17.2.jar;D:\Maven\LocalHoust\org\apache\logging\log4j\log4j-api\2.17.2\log4j-api-2.17.2.jar;D:\Maven\LocalHoust\org\slf4j\jul-to-slf4j\1.7.36\jul-to-slf4j-1.7.36.jar;D:\Maven\LocalHoust\jakarta\annotation\jakarta.annotation-api\1.3.5\jakarta.annotation-api-1.3.5.jar;D:\Maven\LocalHoust\org\springframework\spring-core\5.3.24\spring-core-5.3.24.jar;D:\Maven\LocalHoust\org\springframework\spring-jcl\5.3.24\spring-jcl-5.3.24.jar;D:\Maven\LocalHoust\org\yaml\snakeyaml\1.30\snakeyaml-1.30.jar;D:\Maven\LocalHoust\org\springframework\boot\spring-boot-starter-test\2.7.6\spring-boot-starter-test-2.7.6.jar;D:\Maven\LocalHoust\org\springframework\boot\spring-boot-test\2.7.6\spring-boot-test-2.7.6.jar;D:\Maven\LocalHoust\org\springframework\boot\spring-boot-test-autoconfigure\2.7.6\spring-boot-test-autoconfigure-2.7.6.jar;D:\Maven\LocalHoust\com\jayway\jsonpath\json-path\2.7.0\json-path-2.7.0.jar;D:\Maven\LocalHoust\net\minidev\json-smart\2.4.8\json-smart-2.4.8.jar;D:\Maven\LocalHoust\net\minidev\accessors-smart\2.4.8\accessors-smart-2.4.8.jar;D:\Maven\LocalHoust\org\ow2\asm\asm\9.1\asm-9.1.jar;D:\Maven\LocalHoust\jakarta\xml\bind\jakarta.xml.bind-api\2.3.3\jakarta.xml.bind-api-2.3.3.jar;D:\Maven\LocalHoust\jakarta\activation\jakarta.activation-api\1.2.2\jakarta.activation-api-1.2.2.jar;D:\Maven\LocalHoust\org\assertj\assertj-core\3.22.0\assertj-core-3.22.0.jar;D:\Maven\LocalHoust\org\hamcrest\hamcrest\2.2\hamcrest-2.2.jar;D:\Maven\LocalHoust\org\junit\jupiter\junit-jupiter\5.8.2\junit-jupiter-5.8.2.jar;D:\Maven\LocalHoust\org\junit\jupiter\junit-jupiter-api\5.8.2\junit-jupiter-api-5.8.2.jar;D:\Maven\LocalHoust\org\opentest4j\opentest4j\1.2.0\opentest4j-1.2.0.jar;D:\Maven\LocalHoust\org\junit\platform\junit-platform-commons\1.8.2\junit-platform-commons-1.8.2.jar;D:\Maven\LocalHoust\org\apiguardian\apiguardian-api\1.1.2\apiguardian-api-1.1.2.jar;D:\Maven\LocalHoust\org\junit\jupiter\junit-jupiter-params\5.8.2\junit-jupiter-params-5.8.2.jar;D:\Maven\LocalHoust\org\junit\jupiter\junit-jupiter-engine\5.8.2\junit-jupiter-engine-5.8.2.jar;D:\Maven\LocalHoust\org\junit\platform\junit-platform-engine\1.8.2\junit-platform-engine-1.8.2.jar;D:\Maven\LocalHoust\org\mockito\mockito-core\4.5.1\mockito-core-4.5.1.jar;D:\Maven\LocalHoust\net\bytebuddy\byte-buddy\1.12.19\byte-buddy-1.12.19.jar;D:\Maven\LocalHoust\net\bytebuddy\byte-buddy-agent\1.12.19\byte-buddy-agent-1.12.19.jar;D:\Maven\LocalHoust\org\objenesis\objenesis\3.2\objenesis-3.2.jar;D:\Maven\LocalHoust\org\mockito\mockito-junit-jupiter\4.5.1\mockito-junit-jupiter-4.5.1.jar;D:\Maven\LocalHoust\org\skyscreamer\jsonassert\1.5.1\jsonassert-1.5.1.jar;D:\Maven\LocalHoust\com\vaadin\external\google\android-json\0.0.20131108.vaadin1\android-json-0.0.20131108.vaadin1.jar;D:\Maven\LocalHoust\org\springframework\spring-test\5.3.24\spring-test-5.3.24.jar;D:\Maven\LocalHoust\org\xmlunit\xmlunit-core\2.9.0\xmlunit-core-2.9.0.jar;D:\Maven\LocalHoust\org\springframework\boot\spring-boot-starter-web\2.7.6\spring-boot-starter-web-2.7.6.jar;D:\Maven\LocalHoust\org\springframework\boot\spring-boot-starter-json\2.7.6\spring-boot-starter-json-2.7.6.jar;D:\Maven\LocalHoust\com\fasterxml\jackson\datatype\jackson-datatype-jdk8\2.13.4\jackson-datatype-jdk8-2.13.4.jar;D:\Maven\LocalHoust\com\fasterxml\jackson\datatype\jackson-datatype-jsr310\2.13.4\jackson-datatype-jsr310-2.13.4.jar;D:\Maven\LocalHoust\com\fasterxml\jackson\module\jackson-module-parameter-names\2.13.4\jackson-module-parameter-names-2.13.4.jar;D:\Maven\LocalHoust\org\springframework\boot\spring-boot-starter-tomcat\2.7.6\spring-boot-starter-tomcat-2.7.6.jar;D:\Maven\LocalHoust\org\apache\tomcat\embed\tomcat-embed-core\9.0.69\tomcat-embed-core-9.0.69.jar;D:\Maven\LocalHoust\org\apache\tomcat\embed\tomcat-embed-el\9.0.69\tomcat-embed-el-9.0.69.jar;D:\Maven\LocalHoust\org\apache\tomcat\embed\tomcat-embed-websocket\9.0.69\tomcat-embed-websocket-9.0.69.jar;D:\Maven\LocalHoust\org\springframework\spring-web\5.3.24\spring-web-5.3.24.jar;D:\Maven\LocalHoust\org\springframework\spring-beans\5.3.24\spring-beans-5.3.24.jar;D:\Maven\LocalHoust\org\springframework\spring-webmvc\5.3.24\spring-webmvc-5.3.24.jar;D:\Maven\LocalHoust\org\springframework\spring-aop\5.3.24\spring-aop-5.3.24.jar;D:\Maven\LocalHoust\org\springframework\spring-expression\5.3.24\spring-expression-5.3.24.jar;D:\Maven\LocalHoust\org\springframework\boot\spring-boot-devtools\2.7.6\spring-boot-devtools-2.7.6.jar;D:\Maven\LocalHoust\com\alibaba\druid\1.0.9\druid-1.0.9.jar;D:\JDK\jdk\jre\..\lib\jconsole.jar;D:\JDK\jdk\jre\..\lib\tools.jar;D:\Maven\LocalHoust\org\freemarker\freemarker\2.3.30\freemarker-2.3.30.jar;D:\Maven\LocalHoust\org\mybatis\spring\boot\mybatis-spring-boot-starter\2.1.1\mybatis-spring-boot-starter-2.1.1.jar;D:\Maven\LocalHoust\org\mybatis\spring\boot\mybatis-spring-boot-autoconfigure\2.1.1\mybatis-spring-boot-autoconfigure-2.1.1.jar;D:\Maven\LocalHoust\org\mybatis\mybatis\3.5.3\mybatis-3.5.3.jar;D:\Maven\LocalHoust\org\mybatis\mybatis-spring\2.0.3\mybatis-spring-2.0.3.jar;D:\Maven\LocalHoust\com\mysql\mysql-connector-j\8.0.31\mysql-connector-j-8.0.31.jar;D:\Maven\LocalHoust\org\springframework\boot\spring-boot-starter-jdbc\2.7.6\spring-boot-starter-jdbc-2.7.6.jar;D:\Maven\LocalHoust\com\zaxxer\HikariCP\4.0.3\HikariCP-4.0.3.jar;D:\Maven\LocalHoust\org\springframework\spring-jdbc\5.3.24\spring-jdbc-5.3.24.jar;D:\Maven\LocalHoust\org\springframework\spring-tx\5.3.24\spring-tx-5.3.24.jar;D:\Maven\LocalHoust\com\github\pagehelper\pagehelper\5.1.8\pagehelper-5.1.8.jar;D:\Maven\LocalHoust\com\github\jsqlparser\jsqlparser\1.2\jsqlparser-1.2.jar;D:\Maven\LocalHoust\org\apache\commons\commons-lang3\3.12.0\commons-lang3-3.12.0.jar;D:\Maven\LocalHoust\com\alibaba\fastjson\1.2.8\fastjson-1.2.8.jar;D:\Maven\LocalHoust\com\auth0\java-jwt\4.2.1\java-jwt-4.2.1.jar;D:\Maven\LocalHoust\com\fasterxml\jackson\core\jackson-databind\2.13.4.2\jackson-databind-2.13.4.2.jar;D:\Maven\LocalHoust\com\fasterxml\jackson\core\jackson-annotations\2.13.4\jackson-annotations-2.13.4.jar;D:\Maven\LocalHoust\com\fasterxml\jackson\core\jackson-core\2.13.4\jackson-core-2.13.4.jar;D:\Maven\LocalHoust\redis\clients\jedis\3.8.0\jedis-3.8.0.jar;D:\Maven\LocalHoust\org\slf4j\slf4j-api\1.7.36\slf4j-api-1.7.36.jar;D:\Maven\LocalHoust\org\apache\commons\commons-pool2\2.11.1\commons-pool2-2.11.1.jar;D:\Maven\LocalHoust\io\swagger\swagger-annotations\1.5.14\swagger-annotations-1.5.14.jar;D:\Maven\LocalHoust\io\springfox\springfox-swagger2\2.8.0\springfox-swagger2-2.8.0.jar;D:\Maven\LocalHoust\io\swagger\swagger-models\1.5.14\swagger-models-1.5.14.jar;D:\Maven\LocalHoust\io\springfox\springfox-spi\2.8.0\springfox-spi-2.8.0.jar;D:\Maven\LocalHoust\io\springfox\springfox-core\2.8.0\springfox-core-2.8.0.jar;D:\Maven\LocalHoust\io\springfox\springfox-schema\2.8.0\springfox-schema-2.8.0.jar;D:\Maven\LocalHoust\io\springfox\springfox-swagger-common\2.8.0\springfox-swagger-common-2.8.0.jar;D:\Maven\LocalHoust\io\springfox\springfox-spring-web\2.8.0\springfox-spring-web-2.8.0.jar;D:\Maven\LocalHoust\org\reflections\reflections\0.9.11\reflections-0.9.11.jar;D:\Maven\LocalHoust\org\javassist\javassist\3.21.0-GA\javassist-3.21.0-GA.jar;D:\Maven\LocalHoust\com\google\guava\guava\20.0\guava-20.0.jar;D:\Maven\LocalHoust\com\fasterxml\classmate\1.5.1\classmate-1.5.1.jar;D:\Maven\LocalHoust\org\springframework\plugin\spring-plugin-core\1.2.0.RELEASE\spring-plugin-core-1.2.0.RELEASE.jar;D:\Maven\LocalHoust\org\springframework\plugin\spring-plugin-metadata\1.2.0.RELEASE\spring-plugin-metadata-1.2.0.RELEASE.jar;D:\Maven\LocalHoust\org\mapstruct\mapstruct\1.2.0.Final\mapstruct-1.2.0.Final.jar;D:\Maven\LocalHoust\io\springfox\springfox-swagger-ui\2.8.0\springfox-swagger-ui-2.8.0.jar;"/>
    <property name="sun.cpu.endian" value="little"/>
    <property name="user.home" value="C:\Users\16481"/>
    <property name="user.language" value="zh"/>
    <property name="java.specification.vendor" value="Oracle Corporation"/>
    <property name="java.home" value="D:\JDK\jdk\jre"/>
    <property name="basedir" value="D:\开拓足球项目\ktzq_local\ktzq-service"/>
    <property name="file.separator" value="\"/>
    <property name="line.separator" value="&#10;"/>
    <property name="java.vm.specification.vendor" value="Oracle Corporation"/>
    <property name="java.specification.name" value="Java Platform API Specification"/>
    <property name="java.awt.graphicsenv" value="sun.awt.Win32GraphicsEnvironment"/>
    <property name="surefire.real.class.path" value="C:\Users\16481\AppData\Local\Temp\surefire559657166441843681\surefirebooter5214635559851918042.jar"/>
    <property name="sun.boot.class.path" value="D:\JDK\jdk\jre\lib\resources.jar;D:\JDK\jdk\jre\lib\rt.jar;D:\JDK\jdk\jre\lib\sunrsasign.jar;D:\JDK\jdk\jre\lib\jsse.jar;D:\JDK\jdk\jre\lib\jce.jar;D:\JDK\jdk\jre\lib\charsets.jar;D:\JDK\jdk\jre\lib\jfr.jar;D:\JDK\jdk\jre\classes"/>
    <property name="user.script" value=""/>
    <property name="sun.management.compiler" value="HotSpot 64-Bit Tiered Compilers"/>
    <property name="java.runtime.version" value="1.8.0_301-b09"/>
    <property name="user.name" value="16481"/>
    <property name="path.separator" value=";"/>
    <property name="os.version" value="10.0"/>
    <property name="java.endorsed.dirs" value="D:\JDK\jdk\jre\lib\endorsed"/>
    <property name="java.runtime.name" value="Java(TM) SE Runtime Environment"/>
    <property name="file.encoding" value="GBK"/>
    <property name="java.vm.name" value="Java HotSpot(TM) 64-Bit Server VM"/>
    <property name="localRepository" value="D:\Maven\LocalHoust"/>
    <property name="java.vendor.url.bug" value="http://bugreport.sun.com/bugreport/"/>
    <property name="java.io.tmpdir" value="C:\Users\16481\AppData\Local\Temp\"/>
    <property name="idea.version" value="2022.2.2"/>
    <property name="java.version" value="1.8.0_301"/>
    <property name="user.dir" value="D:\开拓足球项目\ktzq_local\ktzq-service"/>
    <property name="os.arch" value="amd64"/>
    <property name="java.vm.specification.name" value="Java Virtual Machine Specification"/>
    <property name="java.awt.printerjob" value="sun.awt.windows.WPrinterJob"/>
    <property name="sun.os.patch.level" value=""/>
    <property name="java.library.path" value="D:\JDK\jdk\jre\bin;C:\Windows\Sun\Java\bin;C:\Windows\system32;C:\Windows;C:\Program Files (x86)\Common Files\Oracle\Java\javapath;C:\Windows\system32;C:\Windows;C:\Windows\System32\Wbem;C:\Windows\System32\WindowsPowerShell\v1.0\;C:\Windows\System32\OpenSSH\;D:\JDK\jdk\bin;C:\Program Files\Git\cmd;D:\node\;D:\Maven\apache-maven-3.8.6\bin;C:\Program Files\MySQL\MySQL Shell 8.0\bin\;C:\Users\16481\AppData\Local\Microsoft\WindowsApps;;D:\idea\Microsoft VS Code\bin;C:\Users\16481\AppData\Roaming\npm;."/>
    <property name="java.vm.info" value="mixed mode"/>
    <property name="java.vendor" value="Oracle Corporation"/>
    <property name="java.vm.version" value="25.301-b09"/>
    <property name="java.ext.dirs" value="D:\JDK\jdk\jre\lib\ext;C:\Windows\Sun\Java\lib\ext"/>
    <property name="sun.io.unicode.encoding" value="UnicodeLittle"/>
    <property name="maven.repo.local" value="D:\Maven\LocalHoust"/>
    <property name="java.class.version" value="52.0"/>
  </properties>
  <testcase name="contextLoads" classname="com.fzt.ktzq.service.KtzqServiceApplicationTests" time="0.32"/>
</testsuite>