<?xml version="1.0" encoding="UTF-8"?>
<testsuite xmlns:xsi="http://www.w3.org/2001/XMLSchema-instance" xsi:noNamespaceSchemaLocation="https://maven.apache.org/surefire/maven-surefire-plugin/xsd/surefire-test-report.xsd" name="com.fzt.ktzq.CommunityApplicationTests" time="8.183" tests="1" errors="0" skipped="0" failures="0">
  <properties>
    <property name="sun.desktop" value="windows"/>
    <property name="awt.toolkit" value="sun.awt.windows.WToolkit"/>
    <property name="file.encoding.pkg" value="sun.io"/>
    <property name="java.specification.version" value="1.8"/>
    <property name="sun.cpu.isalist" value="amd64"/>
    <property name="sun.jnu.encoding" value="GBK"/>
    <property name="java.class.path" value="D:\我的项目\ktzq_local\target\test-classes;D:\我的项目\ktzq_local\target\classes;D:\Maven\LocalWarehouse\org\springframework\boot\spring-boot-starter\2.7.6\spring-boot-starter-2.7.6.jar;D:\Maven\LocalWarehouse\org\springframework\boot\spring-boot\2.7.6\spring-boot-2.7.6.jar;D:\Maven\LocalWarehouse\org\springframework\spring-context\5.3.24\spring-context-5.3.24.jar;D:\Maven\LocalWarehouse\org\springframework\boot\spring-boot-autoconfigure\2.7.6\spring-boot-autoconfigure-2.7.6.jar;D:\Maven\LocalWarehouse\org\springframework\boot\spring-boot-starter-logging\2.7.6\spring-boot-starter-logging-2.7.6.jar;D:\Maven\LocalWarehouse\ch\qos\logback\logback-classic\1.2.11\logback-classic-1.2.11.jar;D:\Maven\LocalWarehouse\ch\qos\logback\logback-core\1.2.11\logback-core-1.2.11.jar;D:\Maven\LocalWarehouse\org\apache\logging\log4j\log4j-to-slf4j\2.17.2\log4j-to-slf4j-2.17.2.jar;D:\Maven\LocalWarehouse\org\apache\logging\log4j\log4j-api\2.17.2\log4j-api-2.17.2.jar;D:\Maven\LocalWarehouse\org\slf4j\jul-to-slf4j\1.7.36\jul-to-slf4j-1.7.36.jar;D:\Maven\LocalWarehouse\jakarta\annotation\jakarta.annotation-api\1.3.5\jakarta.annotation-api-1.3.5.jar;D:\Maven\LocalWarehouse\org\springframework\spring-core\5.3.24\spring-core-5.3.24.jar;D:\Maven\LocalWarehouse\org\springframework\spring-jcl\5.3.24\spring-jcl-5.3.24.jar;D:\Maven\LocalWarehouse\org\yaml\snakeyaml\1.30\snakeyaml-1.30.jar;D:\Maven\LocalWarehouse\org\springframework\boot\spring-boot-starter-test\2.7.6\spring-boot-starter-test-2.7.6.jar;D:\Maven\LocalWarehouse\org\springframework\boot\spring-boot-test\2.7.6\spring-boot-test-2.7.6.jar;D:\Maven\LocalWarehouse\org\springframework\boot\spring-boot-test-autoconfigure\2.7.6\spring-boot-test-autoconfigure-2.7.6.jar;D:\Maven\LocalWarehouse\com\jayway\jsonpath\json-path\2.7.0\json-path-2.7.0.jar;D:\Maven\LocalWarehouse\net\minidev\json-smart\2.4.8\json-smart-2.4.8.jar;D:\Maven\LocalWarehouse\net\minidev\accessors-smart\2.4.8\accessors-smart-2.4.8.jar;D:\Maven\LocalWarehouse\org\ow2\asm\asm\9.1\asm-9.1.jar;D:\Maven\LocalWarehouse\org\slf4j\slf4j-api\1.7.36\slf4j-api-1.7.36.jar;D:\Maven\LocalWarehouse\jakarta\xml\bind\jakarta.xml.bind-api\2.3.3\jakarta.xml.bind-api-2.3.3.jar;D:\Maven\LocalWarehouse\jakarta\activation\jakarta.activation-api\1.2.2\jakarta.activation-api-1.2.2.jar;D:\Maven\LocalWarehouse\org\assertj\assertj-core\3.22.0\assertj-core-3.22.0.jar;D:\Maven\LocalWarehouse\org\hamcrest\hamcrest\2.2\hamcrest-2.2.jar;D:\Maven\LocalWarehouse\org\junit\jupiter\junit-jupiter\5.8.2\junit-jupiter-5.8.2.jar;D:\Maven\LocalWarehouse\org\junit\jupiter\junit-jupiter-api\5.8.2\junit-jupiter-api-5.8.2.jar;D:\Maven\LocalWarehouse\org\opentest4j\opentest4j\1.2.0\opentest4j-1.2.0.jar;D:\Maven\LocalWarehouse\org\junit\platform\junit-platform-commons\1.8.2\junit-platform-commons-1.8.2.jar;D:\Maven\LocalWarehouse\org\apiguardian\apiguardian-api\1.1.2\apiguardian-api-1.1.2.jar;D:\Maven\LocalWarehouse\org\junit\jupiter\junit-jupiter-params\5.8.2\junit-jupiter-params-5.8.2.jar;D:\Maven\LocalWarehouse\org\junit\jupiter\junit-jupiter-engine\5.8.2\junit-jupiter-engine-5.8.2.jar;D:\Maven\LocalWarehouse\org\junit\platform\junit-platform-engine\1.8.2\junit-platform-engine-1.8.2.jar;D:\Maven\LocalWarehouse\org\mockito\mockito-core\4.5.1\mockito-core-4.5.1.jar;D:\Maven\LocalWarehouse\net\bytebuddy\byte-buddy\1.12.19\byte-buddy-1.12.19.jar;D:\Maven\LocalWarehouse\net\bytebuddy\byte-buddy-agent\1.12.19\byte-buddy-agent-1.12.19.jar;D:\Maven\LocalWarehouse\org\objenesis\objenesis\3.2\objenesis-3.2.jar;D:\Maven\LocalWarehouse\org\mockito\mockito-junit-jupiter\4.5.1\mockito-junit-jupiter-4.5.1.jar;D:\Maven\LocalWarehouse\org\skyscreamer\jsonassert\1.5.1\jsonassert-1.5.1.jar;D:\Maven\LocalWarehouse\com\vaadin\external\google\android-json\0.0.20131108.vaadin1\android-json-0.0.20131108.vaadin1.jar;D:\Maven\LocalWarehouse\org\springframework\spring-test\5.3.24\spring-test-5.3.24.jar;D:\Maven\LocalWarehouse\org\xmlunit\xmlunit-core\2.9.0\xmlunit-core-2.9.0.jar;D:\Maven\LocalWarehouse\org\springframework\boot\spring-boot-starter-web\2.7.6\spring-boot-starter-web-2.7.6.jar;D:\Maven\LocalWarehouse\org\springframework\boot\spring-boot-starter-json\2.7.6\spring-boot-starter-json-2.7.6.jar;D:\Maven\LocalWarehouse\com\fasterxml\jackson\core\jackson-databind\2.13.4.2\jackson-databind-2.13.4.2.jar;D:\Maven\LocalWarehouse\com\fasterxml\jackson\core\jackson-annotations\2.13.4\jackson-annotations-2.13.4.jar;D:\Maven\LocalWarehouse\com\fasterxml\jackson\core\jackson-core\2.13.4\jackson-core-2.13.4.jar;D:\Maven\LocalWarehouse\com\fasterxml\jackson\datatype\jackson-datatype-jdk8\2.13.4\jackson-datatype-jdk8-2.13.4.jar;D:\Maven\LocalWarehouse\com\fasterxml\jackson\datatype\jackson-datatype-jsr310\2.13.4\jackson-datatype-jsr310-2.13.4.jar;D:\Maven\LocalWarehouse\com\fasterxml\jackson\module\jackson-module-parameter-names\2.13.4\jackson-module-parameter-names-2.13.4.jar;D:\Maven\LocalWarehouse\org\springframework\boot\spring-boot-starter-tomcat\2.7.6\spring-boot-starter-tomcat-2.7.6.jar;D:\Maven\LocalWarehouse\org\apache\tomcat\embed\tomcat-embed-core\9.0.69\tomcat-embed-core-9.0.69.jar;D:\Maven\LocalWarehouse\org\apache\tomcat\embed\tomcat-embed-el\9.0.69\tomcat-embed-el-9.0.69.jar;D:\Maven\LocalWarehouse\org\apache\tomcat\embed\tomcat-embed-websocket\9.0.69\tomcat-embed-websocket-9.0.69.jar;D:\Maven\LocalWarehouse\org\springframework\spring-web\5.3.24\spring-web-5.3.24.jar;D:\Maven\LocalWarehouse\org\springframework\spring-beans\5.3.24\spring-beans-5.3.24.jar;D:\Maven\LocalWarehouse\org\springframework\spring-webmvc\5.3.24\spring-webmvc-5.3.24.jar;D:\Maven\LocalWarehouse\org\springframework\spring-aop\5.3.24\spring-aop-5.3.24.jar;D:\Maven\LocalWarehouse\org\springframework\spring-expression\5.3.24\spring-expression-5.3.24.jar;D:\Maven\LocalWarehouse\org\projectlombok\lombok\1.18.24\lombok-1.18.24.jar;D:\Maven\LocalWarehouse\org\springframework\boot\spring-boot-devtools\2.7.6\spring-boot-devtools-2.7.6.jar;D:\Maven\LocalWarehouse\com\alibaba\druid\1.0.9\druid-1.0.9.jar;D:\JDK\jdk1.8\jre\..\lib\jconsole.jar;D:\JDK\jdk1.8\jre\..\lib\tools.jar;D:\Maven\LocalWarehouse\org\freemarker\freemarker\2.3.30\freemarker-2.3.30.jar;D:\Maven\LocalWarehouse\org\mybatis\spring\boot\mybatis-spring-boot-starter\2.1.1\mybatis-spring-boot-starter-2.1.1.jar;D:\Maven\LocalWarehouse\org\mybatis\spring\boot\mybatis-spring-boot-autoconfigure\2.1.1\mybatis-spring-boot-autoconfigure-2.1.1.jar;D:\Maven\LocalWarehouse\org\mybatis\mybatis\3.5.3\mybatis-3.5.3.jar;D:\Maven\LocalWarehouse\org\mybatis\mybatis-spring\2.0.3\mybatis-spring-2.0.3.jar;D:\Maven\LocalWarehouse\com\mysql\mysql-connector-j\8.0.31\mysql-connector-j-8.0.31.jar;D:\Maven\LocalWarehouse\org\springframework\boot\spring-boot-starter-jdbc\2.7.6\spring-boot-starter-jdbc-2.7.6.jar;D:\Maven\LocalWarehouse\com\zaxxer\HikariCP\4.0.3\HikariCP-4.0.3.jar;D:\Maven\LocalWarehouse\org\springframework\spring-jdbc\5.3.24\spring-jdbc-5.3.24.jar;D:\Maven\LocalWarehouse\org\springframework\spring-tx\5.3.24\spring-tx-5.3.24.jar;D:\Maven\LocalWarehouse\tk\mybatis\mapper-spring-boot-starter\2.1.5\mapper-spring-boot-starter-2.1.5.jar;D:\Maven\LocalWarehouse\tk\mybatis\mapper-core\1.1.5\mapper-core-1.1.5.jar;D:\Maven\LocalWarehouse\javax\persistence\persistence-api\1.0\persistence-api-1.0.jar;D:\Maven\LocalWarehouse\tk\mybatis\mapper-base\1.1.5\mapper-base-1.1.5.jar;D:\Maven\LocalWarehouse\tk\mybatis\mapper-weekend\1.1.5\mapper-weekend-1.1.5.jar;D:\Maven\LocalWarehouse\tk\mybatis\mapper-spring\1.1.5\mapper-spring-1.1.5.jar;D:\Maven\LocalWarehouse\tk\mybatis\mapper-extra\1.1.5\mapper-extra-1.1.5.jar;D:\Maven\LocalWarehouse\tk\mybatis\mapper-spring-boot-autoconfigure\2.1.5\mapper-spring-boot-autoconfigure-2.1.5.jar;D:\Maven\LocalWarehouse\com\github\pagehelper\pagehelper\5.1.8\pagehelper-5.1.8.jar;D:\Maven\LocalWarehouse\com\github\jsqlparser\jsqlparser\1.2\jsqlparser-1.2.jar;D:\Maven\LocalWarehouse\org\apache\commons\commons-lang3\3.12.0\commons-lang3-3.12.0.jar;"/>
    <property name="java.vm.vendor" value="Amazon.com Inc."/>
    <property name="sun.arch.data.model" value="64"/>
    <property name="user.variant" value=""/>
    <property name="java.vendor.url" value="https://aws.amazon.com/corretto/"/>
    <property name="user.timezone" value="Asia/Shanghai"/>
    <property name="java.vm.specification.version" value="1.8"/>
    <property name="os.name" value="Windows 10"/>
    <property name="user.country" value="CN"/>
    <property name="sun.java.launcher" value="SUN_STANDARD"/>
    <property name="sun.boot.library.path" value="D:\JDK\jdk1.8\jre\bin"/>
    <property name="sun.java.command" value="C:\Users\16481\AppData\Local\Temp\surefire6445956422357635184\surefirebooter5656510906188920516.jar C:\Users\16481\AppData\Local\Temp\surefire6445956422357635184 2022-11-28T11-18-26_776-jvmRun1 surefire7828518878155291000tmp surefire_07833247000654259057tmp"/>
    <property name="surefire.test.class.path" value="D:\我的项目\ktzq_local\target\test-classes;D:\我的项目\ktzq_local\target\classes;D:\Maven\LocalWarehouse\org\springframework\boot\spring-boot-starter\2.7.6\spring-boot-starter-2.7.6.jar;D:\Maven\LocalWarehouse\org\springframework\boot\spring-boot\2.7.6\spring-boot-2.7.6.jar;D:\Maven\LocalWarehouse\org\springframework\spring-context\5.3.24\spring-context-5.3.24.jar;D:\Maven\LocalWarehouse\org\springframework\boot\spring-boot-autoconfigure\2.7.6\spring-boot-autoconfigure-2.7.6.jar;D:\Maven\LocalWarehouse\org\springframework\boot\spring-boot-starter-logging\2.7.6\spring-boot-starter-logging-2.7.6.jar;D:\Maven\LocalWarehouse\ch\qos\logback\logback-classic\1.2.11\logback-classic-1.2.11.jar;D:\Maven\LocalWarehouse\ch\qos\logback\logback-core\1.2.11\logback-core-1.2.11.jar;D:\Maven\LocalWarehouse\org\apache\logging\log4j\log4j-to-slf4j\2.17.2\log4j-to-slf4j-2.17.2.jar;D:\Maven\LocalWarehouse\org\apache\logging\log4j\log4j-api\2.17.2\log4j-api-2.17.2.jar;D:\Maven\LocalWarehouse\org\slf4j\jul-to-slf4j\1.7.36\jul-to-slf4j-1.7.36.jar;D:\Maven\LocalWarehouse\jakarta\annotation\jakarta.annotation-api\1.3.5\jakarta.annotation-api-1.3.5.jar;D:\Maven\LocalWarehouse\org\springframework\spring-core\5.3.24\spring-core-5.3.24.jar;D:\Maven\LocalWarehouse\org\springframework\spring-jcl\5.3.24\spring-jcl-5.3.24.jar;D:\Maven\LocalWarehouse\org\yaml\snakeyaml\1.30\snakeyaml-1.30.jar;D:\Maven\LocalWarehouse\org\springframework\boot\spring-boot-starter-test\2.7.6\spring-boot-starter-test-2.7.6.jar;D:\Maven\LocalWarehouse\org\springframework\boot\spring-boot-test\2.7.6\spring-boot-test-2.7.6.jar;D:\Maven\LocalWarehouse\org\springframework\boot\spring-boot-test-autoconfigure\2.7.6\spring-boot-test-autoconfigure-2.7.6.jar;D:\Maven\LocalWarehouse\com\jayway\jsonpath\json-path\2.7.0\json-path-2.7.0.jar;D:\Maven\LocalWarehouse\net\minidev\json-smart\2.4.8\json-smart-2.4.8.jar;D:\Maven\LocalWarehouse\net\minidev\accessors-smart\2.4.8\accessors-smart-2.4.8.jar;D:\Maven\LocalWarehouse\org\ow2\asm\asm\9.1\asm-9.1.jar;D:\Maven\LocalWarehouse\org\slf4j\slf4j-api\1.7.36\slf4j-api-1.7.36.jar;D:\Maven\LocalWarehouse\jakarta\xml\bind\jakarta.xml.bind-api\2.3.3\jakarta.xml.bind-api-2.3.3.jar;D:\Maven\LocalWarehouse\jakarta\activation\jakarta.activation-api\1.2.2\jakarta.activation-api-1.2.2.jar;D:\Maven\LocalWarehouse\org\assertj\assertj-core\3.22.0\assertj-core-3.22.0.jar;D:\Maven\LocalWarehouse\org\hamcrest\hamcrest\2.2\hamcrest-2.2.jar;D:\Maven\LocalWarehouse\org\junit\jupiter\junit-jupiter\5.8.2\junit-jupiter-5.8.2.jar;D:\Maven\LocalWarehouse\org\junit\jupiter\junit-jupiter-api\5.8.2\junit-jupiter-api-5.8.2.jar;D:\Maven\LocalWarehouse\org\opentest4j\opentest4j\1.2.0\opentest4j-1.2.0.jar;D:\Maven\LocalWarehouse\org\junit\platform\junit-platform-commons\1.8.2\junit-platform-commons-1.8.2.jar;D:\Maven\LocalWarehouse\org\apiguardian\apiguardian-api\1.1.2\apiguardian-api-1.1.2.jar;D:\Maven\LocalWarehouse\org\junit\jupiter\junit-jupiter-params\5.8.2\junit-jupiter-params-5.8.2.jar;D:\Maven\LocalWarehouse\org\junit\jupiter\junit-jupiter-engine\5.8.2\junit-jupiter-engine-5.8.2.jar;D:\Maven\LocalWarehouse\org\junit\platform\junit-platform-engine\1.8.2\junit-platform-engine-1.8.2.jar;D:\Maven\LocalWarehouse\org\mockito\mockito-core\4.5.1\mockito-core-4.5.1.jar;D:\Maven\LocalWarehouse\net\bytebuddy\byte-buddy\1.12.19\byte-buddy-1.12.19.jar;D:\Maven\LocalWarehouse\net\bytebuddy\byte-buddy-agent\1.12.19\byte-buddy-agent-1.12.19.jar;D:\Maven\LocalWarehouse\org\objenesis\objenesis\3.2\objenesis-3.2.jar;D:\Maven\LocalWarehouse\org\mockito\mockito-junit-jupiter\4.5.1\mockito-junit-jupiter-4.5.1.jar;D:\Maven\LocalWarehouse\org\skyscreamer\jsonassert\1.5.1\jsonassert-1.5.1.jar;D:\Maven\LocalWarehouse\com\vaadin\external\google\android-json\0.0.20131108.vaadin1\android-json-0.0.20131108.vaadin1.jar;D:\Maven\LocalWarehouse\org\springframework\spring-test\5.3.24\spring-test-5.3.24.jar;D:\Maven\LocalWarehouse\org\xmlunit\xmlunit-core\2.9.0\xmlunit-core-2.9.0.jar;D:\Maven\LocalWarehouse\org\springframework\boot\spring-boot-starter-web\2.7.6\spring-boot-starter-web-2.7.6.jar;D:\Maven\LocalWarehouse\org\springframework\boot\spring-boot-starter-json\2.7.6\spring-boot-starter-json-2.7.6.jar;D:\Maven\LocalWarehouse\com\fasterxml\jackson\core\jackson-databind\2.13.4.2\jackson-databind-2.13.4.2.jar;D:\Maven\LocalWarehouse\com\fasterxml\jackson\core\jackson-annotations\2.13.4\jackson-annotations-2.13.4.jar;D:\Maven\LocalWarehouse\com\fasterxml\jackson\core\jackson-core\2.13.4\jackson-core-2.13.4.jar;D:\Maven\LocalWarehouse\com\fasterxml\jackson\datatype\jackson-datatype-jdk8\2.13.4\jackson-datatype-jdk8-2.13.4.jar;D:\Maven\LocalWarehouse\com\fasterxml\jackson\datatype\jackson-datatype-jsr310\2.13.4\jackson-datatype-jsr310-2.13.4.jar;D:\Maven\LocalWarehouse\com\fasterxml\jackson\module\jackson-module-parameter-names\2.13.4\jackson-module-parameter-names-2.13.4.jar;D:\Maven\LocalWarehouse\org\springframework\boot\spring-boot-starter-tomcat\2.7.6\spring-boot-starter-tomcat-2.7.6.jar;D:\Maven\LocalWarehouse\org\apache\tomcat\embed\tomcat-embed-core\9.0.69\tomcat-embed-core-9.0.69.jar;D:\Maven\LocalWarehouse\org\apache\tomcat\embed\tomcat-embed-el\9.0.69\tomcat-embed-el-9.0.69.jar;D:\Maven\LocalWarehouse\org\apache\tomcat\embed\tomcat-embed-websocket\9.0.69\tomcat-embed-websocket-9.0.69.jar;D:\Maven\LocalWarehouse\org\springframework\spring-web\5.3.24\spring-web-5.3.24.jar;D:\Maven\LocalWarehouse\org\springframework\spring-beans\5.3.24\spring-beans-5.3.24.jar;D:\Maven\LocalWarehouse\org\springframework\spring-webmvc\5.3.24\spring-webmvc-5.3.24.jar;D:\Maven\LocalWarehouse\org\springframework\spring-aop\5.3.24\spring-aop-5.3.24.jar;D:\Maven\LocalWarehouse\org\springframework\spring-expression\5.3.24\spring-expression-5.3.24.jar;D:\Maven\LocalWarehouse\org\projectlombok\lombok\1.18.24\lombok-1.18.24.jar;D:\Maven\LocalWarehouse\org\springframework\boot\spring-boot-devtools\2.7.6\spring-boot-devtools-2.7.6.jar;D:\Maven\LocalWarehouse\com\alibaba\druid\1.0.9\druid-1.0.9.jar;D:\JDK\jdk1.8\jre\..\lib\jconsole.jar;D:\JDK\jdk1.8\jre\..\lib\tools.jar;D:\Maven\LocalWarehouse\org\freemarker\freemarker\2.3.30\freemarker-2.3.30.jar;D:\Maven\LocalWarehouse\org\mybatis\spring\boot\mybatis-spring-boot-starter\2.1.1\mybatis-spring-boot-starter-2.1.1.jar;D:\Maven\LocalWarehouse\org\mybatis\spring\boot\mybatis-spring-boot-autoconfigure\2.1.1\mybatis-spring-boot-autoconfigure-2.1.1.jar;D:\Maven\LocalWarehouse\org\mybatis\mybatis\3.5.3\mybatis-3.5.3.jar;D:\Maven\LocalWarehouse\org\mybatis\mybatis-spring\2.0.3\mybatis-spring-2.0.3.jar;D:\Maven\LocalWarehouse\com\mysql\mysql-connector-j\8.0.31\mysql-connector-j-8.0.31.jar;D:\Maven\LocalWarehouse\org\springframework\boot\spring-boot-starter-jdbc\2.7.6\spring-boot-starter-jdbc-2.7.6.jar;D:\Maven\LocalWarehouse\com\zaxxer\HikariCP\4.0.3\HikariCP-4.0.3.jar;D:\Maven\LocalWarehouse\org\springframework\spring-jdbc\5.3.24\spring-jdbc-5.3.24.jar;D:\Maven\LocalWarehouse\org\springframework\spring-tx\5.3.24\spring-tx-5.3.24.jar;D:\Maven\LocalWarehouse\tk\mybatis\mapper-spring-boot-starter\2.1.5\mapper-spring-boot-starter-2.1.5.jar;D:\Maven\LocalWarehouse\tk\mybatis\mapper-core\1.1.5\mapper-core-1.1.5.jar;D:\Maven\LocalWarehouse\javax\persistence\persistence-api\1.0\persistence-api-1.0.jar;D:\Maven\LocalWarehouse\tk\mybatis\mapper-base\1.1.5\mapper-base-1.1.5.jar;D:\Maven\LocalWarehouse\tk\mybatis\mapper-weekend\1.1.5\mapper-weekend-1.1.5.jar;D:\Maven\LocalWarehouse\tk\mybatis\mapper-spring\1.1.5\mapper-spring-1.1.5.jar;D:\Maven\LocalWarehouse\tk\mybatis\mapper-extra\1.1.5\mapper-extra-1.1.5.jar;D:\Maven\LocalWarehouse\tk\mybatis\mapper-spring-boot-autoconfigure\2.1.5\mapper-spring-boot-autoconfigure-2.1.5.jar;D:\Maven\LocalWarehouse\com\github\pagehelper\pagehelper\5.1.8\pagehelper-5.1.8.jar;D:\Maven\LocalWarehouse\com\github\jsqlparser\jsqlparser\1.2\jsqlparser-1.2.jar;D:\Maven\LocalWarehouse\org\apache\commons\commons-lang3\3.12.0\commons-lang3-3.12.0.jar;"/>
    <property name="sun.cpu.endian" value="little"/>
    <property name="user.home" value="C:\Users\16481"/>
    <property name="user.language" value="zh"/>
    <property name="java.specification.vendor" value="Oracle Corporation"/>
    <property name="java.home" value="D:\JDK\jdk1.8\jre"/>
    <property name="basedir" value="D:\我的项目\ktzq_local"/>
    <property name="file.separator" value="\"/>
    <property name="line.separator" value="&#10;"/>
    <property name="java.vm.specification.vendor" value="Oracle Corporation"/>
    <property name="java.specification.name" value="Java Platform API Specification"/>
    <property name="java.awt.graphicsenv" value="sun.awt.Win32GraphicsEnvironment"/>
    <property name="surefire.real.class.path" value="C:\Users\16481\AppData\Local\Temp\surefire6445956422357635184\surefirebooter5656510906188920516.jar"/>
    <property name="sun.boot.class.path" value="D:\JDK\jdk1.8\jre\lib\resources.jar;D:\JDK\jdk1.8\jre\lib\rt.jar;D:\JDK\jdk1.8\jre\lib\sunrsasign.jar;D:\JDK\jdk1.8\jre\lib\jsse.jar;D:\JDK\jdk1.8\jre\lib\jce.jar;D:\JDK\jdk1.8\jre\lib\charsets.jar;D:\JDK\jdk1.8\jre\lib\jfr.jar;D:\JDK\jdk1.8\jre\classes"/>
    <property name="user.script" value=""/>
    <property name="sun.management.compiler" value="HotSpot 64-Bit Tiered Compilers"/>
    <property name="java.runtime.version" value="1.8.0_322-b06"/>
    <property name="user.name" value="hyf-htp"/>
    <property name="path.separator" value=";"/>
    <property name="os.version" value="10.0"/>
    <property name="java.endorsed.dirs" value="D:\JDK\jdk1.8\jre\lib\endorsed"/>
    <property name="java.runtime.name" value="OpenJDK Runtime Environment"/>
    <property name="file.encoding" value="GBK"/>
    <property name="java.vm.name" value="OpenJDK 64-Bit Server VM"/>
    <property name="localRepository" value="D:\Maven\LocalWarehouse"/>
    <property name="java.vendor.url.bug" value="https://github.com/corretto/corretto-8/issues/"/>
    <property name="java.io.tmpdir" value="C:\Users\16481\AppData\Local\Temp\"/>
    <property name="idea.version" value="2021.1.3"/>
    <property name="java.version" value="1.8.0_322"/>
    <property name="user.dir" value="D:\我的项目\ktzq_local"/>
    <property name="os.arch" value="amd64"/>
    <property name="java.vm.specification.name" value="Java Virtual Machine Specification"/>
    <property name="java.awt.printerjob" value="sun.awt.windows.WPrinterJob"/>
    <property name="sun.os.patch.level" value=""/>
    <property name="java.library.path" value="D:\JDK\jdk1.8\jre\bin;C:\WINDOWS\Sun\Java\bin;C:\WINDOWS\system32;C:\WINDOWS;C:\Program Files (x86)\Intel\Intel(R) Management Engine Components\iCLS\;C:\Program Files\Intel\Intel(R) Management Engine Components\iCLS\;C:\Windows\system32;C:\Windows;C:\Windows\System32\Wbem;C:\Windows\System32\WindowsPowerShell\v1.0\;C:\Windows\System32\OpenSSH\;C:\Program Files (x86)\NVIDIA Corporation\PhysX\Common;C:\Program Files (x86)\Intel\Intel(R) Management Engine Components\DAL;C:\Program Files\Intel\Intel(R) Management Engine Components\DAL;C:\Program Files (x86)\Intel\Intel(R) Management Engine Components\IPT;C:\Program Files\Intel\Intel(R) Management Engine Components\IPT;C:\Program Files\Intel\WiFi\bin\;C:\Program Files\Common Files\Intel\WirelessCommon\;C:\WINDOWS\system32;C:\WINDOWS;C:\WINDOWS\System32\Wbem;C:\WINDOWS\System32\WindowsPowerShell\v1.0\;C:\WINDOWS\System32\OpenSSH\;D:\JDK\jdk1.8\bin;D:\下载\Git\cmd;D:\node-js\;C:\Users\16481\AppData\Local\Microsoft\WindowsApps;;C:\Users\16481\AppData\Local\Programs\Microsoft VS Code\bin;C:\Users\16481\AppData\Roaming\npm;."/>
    <property name="java.vm.info" value="mixed mode"/>
    <property name="java.vendor" value="Amazon.com Inc."/>
    <property name="java.vm.version" value="25.322-b06"/>
    <property name="java.ext.dirs" value="D:\JDK\jdk1.8\jre\lib\ext;C:\WINDOWS\Sun\Java\lib\ext"/>
    <property name="sun.io.unicode.encoding" value="UnicodeLittle"/>
    <property name="maven.repo.local" value="D:\Maven\LocalWarehouse"/>
    <property name="java.class.version" value="52.0"/>
  </properties>
  <testcase name="contextLoads" classname="com.fzt.ktzq.CommunityApplicationTests" time="0.719"/>
</testsuite>